<?xml version="1.0" encoding="UTF-8"?>
<!-- Generated by org.testng.reporters.JUnitReportReporter -->
<testsuite skipped="0" hostname="ELF34-ShivaKumarHR" name="PractiseTestScripts.WithoutSelectHandlingDropdown" tests="1" failures="0" timestamp="12 Jun 2022 04:30:20 GMT" time="26.577" errors="0">
  <testcase name="DropdownTest" time="26.577" classname="PractiseTestScripts.WithoutSelectHandlingDropdown"/>
</testsuite> <!-- PractiseTestScripts.WithoutSelectHandlingDropdown -->
