<?xml version="1.0" encoding="UTF-8"?>
<!-- Generated by org.testng.reporters.JUnitReportReporter -->
<testsuite skipped="0" hostname="ELF34-ShivaKumarHR" name="PractiseTestScripts.WithoutSelectHandlingDropdownTest" tests="1" failures="0" timestamp="12 Jun 2022 07:14:52 GMT" time="16.998" errors="0">
  <testcase name="DropdownTest" time="16.998" classname="PractiseTestScripts.WithoutSelectHandlingDropdownTest"/>
</testsuite> <!-- PractiseTestScripts.WithoutSelectHandlingDropdownTest -->
