<?xml version="1.0" encoding="UTF-8"?>
<!-- Generated by org.testng.reporters.JUnitReportReporter -->
<testsuite skipped="0" hostname="ELF34-ShivaKumarHR" name="PractiseTestScripts.SampleTest" tests="1" failures="0" timestamp="12 Jun 2022 16:50:31 GMT" time="29.644" errors="0">
  <testcase name="demo" time="29.644" classname="PractiseTestScripts.SampleTest"/>
</testsuite> <!-- PractiseTestScripts.SampleTest -->
