<?xml version="1.0" encoding="UTF-8"?>
<!-- Generated by org.testng.reporters.JUnitReportReporter -->
<testsuite skipped="0" hostname="ELF34-ShivaKumarHR" name="PractiseTestScripts.oneEndtoEndCheckoutTest" tests="1" failures="0" timestamp="13 Jun 2022 04:34:40 GMT" time="13.408" errors="0">
  <testcase name="Tc1" time="13.408" classname="PractiseTestScripts.oneEndtoEndCheckoutTest"/>
</testsuite> <!-- PractiseTestScripts.oneEndtoEndCheckoutTest -->
